<?xml version="1.0" encoding="UTF-8"?>
<!-- Generated by org.testng.reporters.JUnitXMLReporter -->
<testsuite ignored="3" hostname="LAPTOP-ETFT24G3" failures="0" tests="1" name="Default test" time="11.962" errors="0" timestamp="2022-05-08T07:49:07 IST">
  <testcase classname="Test.zerodhaLoginTest" name="loginwithValidCredential" time="1.126"/>
  <testcase classname="Test.zerodhaLoginTest" name="clickonForgotPassword" time="0.0">
    <ignored/>
  </testcase> <!-- clickonForgotPassword -->
  <testcase classname="Test.zerodhaLoginTest" name="loginwithInvalidCredential" time="0.0">
    <ignored/>
  </testcase> <!-- loginwithInvalidCredential -->
  <testcase classname="Test.zerodhaLoginTest" name="clickonNewSingup" time="0.0">
    <ignored/>
  </testcase> <!-- clickonNewSingup -->
</testsuite> <!-- Default test -->
