<?xml version="1.0" encoding="UTF-8"?>
<testng-results ignored="3" total="4" passed="1" failed="0" skipped="0">
  <reporter-output>
  </reporter-output>
  <suite started-at="2022-05-08T07:48:55 IST" name="Default suite" finished-at="2022-05-08T07:49:07 IST" duration-ms="11962">
    <groups>
    </groups>
    <test started-at="2022-05-08T07:48:55 IST" name="Default test" finished-at="2022-05-08T07:49:07 IST" duration-ms="11962">
      <class name="Test.zerodhaLoginTest">
        <test-method is-config="true" signature="setReports()[pri:0, instance:Test.zerodhaLoginTest@79924b]" started-at="2022-05-08T07:48:55 IST" name="setReports" finished-at="2022-05-08T07:48:55 IST" duration-ms="258" status="PASS">
          <reporter-output>
          </reporter-output>
        </test-method> <!-- setReports -->
        <test-method is-config="true" signature="callurl()[pri:0, instance:Test.zerodhaLoginTest@79924b]" started-at="2022-05-08T07:48:55 IST" name="callurl" finished-at="2022-05-08T07:49:05 IST" duration-ms="10277" status="PASS">
          <reporter-output>
          </reporter-output>
        </test-method> <!-- callurl -->
        <test-method signature="loginwithValidCredential()[pri:0, instance:Test.zerodhaLoginTest@79924b]" started-at="2022-05-08T07:49:05 IST" name="loginwithValidCredential" finished-at="2022-05-08T07:49:06 IST" duration-ms="1126" status="PASS">
          <reporter-output>
          </reporter-output>
        </test-method> <!-- loginwithValidCredential -->
        <test-method is-config="true" signature="captureResult(org.testng.ITestResult)[pri:0, instance:Test.zerodhaLoginTest@79924b]" started-at="2022-05-08T07:49:06 IST" name="captureResult" finished-at="2022-05-08T07:49:06 IST" duration-ms="5" status="PASS">
          <params>
            <param index="0">
              <value>
                <![CDATA[[TestResult name=loginwithValidCredential status=SUCCESS method=zerodhaLoginTest.loginwithValidCredential()[pri:0, instance:Test.zerodhaLoginTest@79924b] output={null}]]]>
              </value>
            </param>
          </params>
          <reporter-output>
          </reporter-output>
        </test-method> <!-- captureResult -->
        <test-method is-config="true" signature="fulshResult()[pri:0, instance:Test.zerodhaLoginTest@79924b]" started-at="2022-05-08T07:49:06 IST" name="fulshResult" finished-at="2022-05-08T07:49:07 IST" duration-ms="260" status="PASS">
          <reporter-output>
          </reporter-output>
        </test-method> <!-- fulshResult -->
      </class> <!-- Test.zerodhaLoginTest -->
    </test> <!-- Default test -->
  </suite> <!-- Default suite -->
</testng-results>
